{"level":"error","service":"payment-service","aperation":"app","error":"server selection error: server selection timeout, current topology: { Type: Unknown, Servers: [{ Addr: mongo27018:27017, Type: Unknown, Last error: dial tcp: lookup mongo27018 on 127.0.0.53:53: server misbehaving }, ] }","time":"2025-04-19T22:01:57+05:00","message":"server selection error: server selection timeout, current topology: { Type: Unknown, Servers: [{ Addr: mongo27018:27017, Type: Unknown, Last error: dial tcp: lookup mongo27018 on 127.0.0.53:53: server misbehaving }, ] }"}
{"level":"error","service":"payment-service","aperation":"app","error":"mongo.Ping error: server selection error: server selection timeout, current topology: { Type: Unknown, Servers: [{ Addr: mongo:27018, Type: Unknown, Last error: dial tcp: lookup mongo on 127.0.0.53:53: server misbehaving }, ] }","time":"2025-04-19T22:06:04+05:00","message":"mongo.Ping error: server selection error: server selection timeout, current topology: { Type: Unknown, Servers: [{ Addr: mongo:27018, Type: Unknown, Last error: dial tcp: lookup mongo on 127.0.0.53:53: server misbehaving }, ] }"}
{"level":"error","service":"payment-service","aperation":"app","error":"mongo.Ping error: server selection error: server selection timeout, current topology: { Type: Unknown, Servers: [{ Addr: mongo:27017, Type: Unknown, Last error: dial tcp: lookup mongo on 127.0.0.53:53: server misbehaving }, ] }","time":"2025-04-19T22:07:19+05:00","message":"mongo.Ping error: server selection error: server selection timeout, current topology: { Type: Unknown, Servers: [{ Addr: mongo:27017, Type: Unknown, Last error: dial tcp: lookup mongo on 127.0.0.53:53: server misbehaving }, ] }"}
{"level":"error","service":"payment-service","aperation":"app","error":"mongo.Ping error: server selection error: server selection timeout, current topology: { Type: Unknown, Servers: [{ Addr: mongo:27017, Type: Unknown, Last error: dial tcp: lookup mongo on 127.0.0.53:53: server misbehaving }, ] }","time":"2025-04-19T22:08:10+05:00","message":"mongo.Ping error: server selection error: server selection timeout, current topology: { Type: Unknown, Servers: [{ Addr: mongo:27017, Type: Unknown, Last error: dial tcp: lookup mongo on 127.0.0.53:53: server misbehaving }, ] }"}
{"level":"error","service":"payment-service","aperation":"app","error":"mongo.Ping error: server selection error: server selection timeout, current topology: { Type: Unknown, Servers: [{ Addr: mongo:27018, Type: Unknown, Last error: dial tcp: lookup mongo on 127.0.0.53:53: server misbehaving }, ] }","time":"2025-04-19T22:10:41+05:00","message":"mongo.Ping error: server selection error: server selection timeout, current topology: { Type: Unknown, Servers: [{ Addr: mongo:27018, Type: Unknown, Last error: dial tcp: lookup mongo on 127.0.0.53:53: server misbehaving }, ] }"}
{"level":"info","service":"payment-service","operation":"product-service","time":"2025-04-19T22:11:44+05:00","message":"Product server started"}
{"level":"warn","service":"payment-service","operation":"product-service","time":"2025-04-19T22:14:12+05:00","message":"received shutdown signal interrupt"}
{"level":"info","service":"payment-service","operation":"product-service","time":"2025-04-19T22:14:12+05:00","message":"shuttin down server"}
{"level":"info","service":"payment-service","operation":"product-service","time":"2025-04-19T22:17:07+05:00","message":"Product server started"}
{"level":"info","service":"payment-service","HOST":"localhost:8080","time":"2025-04-19T22:17:07+05:00","message":"Starting gRpc Server"}
{"level":"warn","service":"payment-service","operation":"product-service","time":"2025-04-19T22:18:00+05:00","message":"received shutdown signal interrupt"}
{"level":"info","service":"payment-service","operation":"product-service","time":"2025-04-19T22:18:00+05:00","message":"shuttin down server"}
{"level":"info","service":"payment-service","operation":"product-service","time":"2025-04-19T22:18:08+05:00","message":"Product server started"}
{"level":"info","service":"payment-service","HOST":"localhost:8080","time":"2025-04-19T22:18:08+05:00","message":"Starting gRpc Server"}
{"level":"warn","service":"payment-service","operation":"product-service","time":"2025-04-19T22:19:10+05:00","message":"received shutdown signal interrupt"}
{"level":"info","service":"payment-service","operation":"product-service","time":"2025-04-19T22:19:10+05:00","message":"shuttin down server"}
{"level":"info","service":"payment-service","operation":"product-service","time":"2025-04-19T22:19:12+05:00","message":"Product server started"}
{"level":"warn","service":"payment-service","operation":"product-service","time":"2025-04-19T22:19:19+05:00","message":"received shutdown signal interrupt"}
{"level":"info","service":"payment-service","operation":"product-service","time":"2025-04-19T22:19:19+05:00","message":"shuttin down server"}
{"level":"info","service":"payment-service","operation":"product-service","time":"2025-04-19T22:19:23+05:00","message":"Product server started"}
{"level":"info","service":"payment-service","HOST":"localhost:8080","time":"2025-04-19T22:19:23+05:00","message":"Starting gRpc Server"}
{"level":"warn","service":"payment-service","operation":"product-service","time":"2025-04-19T22:19:25+05:00","message":"received shutdown signal interrupt"}
{"level":"info","service":"payment-service","operation":"product-service","time":"2025-04-19T22:19:25+05:00","message":"shuttin down server"}
{"level":"info","service":"payment-service","operation":"product-service","time":"2025-04-19T22:20:53+05:00","message":"Product server started"}
{"level":"warn","service":"payment-service","operation":"product-service","time":"2025-04-19T22:21:08+05:00","message":"received shutdown signal interrupt"}
{"level":"info","service":"payment-service","operation":"product-service","time":"2025-04-19T22:21:08+05:00","message":"shuttin down server"}
{"level":"info","service":"payment-service","operation":"product-service","time":"2025-04-19T22:21:20+05:00","message":"Product server started"}
{"level":"info","service":"payment-service","HOST":"localhost:8080","time":"2025-04-19T22:21:20+05:00","message":"Starting gRpc Server"}
{"level":"info","service":"payment-service","categtory":"anim irure magna in ut","operation":"CreateProduct","product":"sunt","time":"2025-04-19T22:22:46+05:00","message":"Product succsessfuly created"}
{"level":"info","service":"payment-service","operation":"CreateProduct","product":"sunt","categtory":"anim irure magna in ut","time":"2025-04-19T22:22:57+05:00","message":"Product succsessfuly created"}
{"level":"info","service":"payment-service","operation":"CreateProduct","product":"sunt","categtory":"anim irure magna in ut","time":"2025-04-19T22:24:02+05:00","message":"Product succsessfuly created"}
{"level":"info","service":"payment-service","operation":"CreateProduct","product":"sunt","categtory":"anim irure magna in u","time":"2025-04-19T22:24:45+05:00","message":"Product succsessfuly created"}
{"level":"warn","service":"payment-service","operation":"product-service","time":"2025-04-19T22:24:58+05:00","message":"received shutdown signal interrupt"}
{"level":"info","service":"payment-service","operation":"product-service","time":"2025-04-19T22:24:58+05:00","message":"shuttin down server"}
{"level":"info","service":"payment-service","operation":"product-service","time":"2025-04-19T22:26:24+05:00","message":"Product server started"}
{"level":"info","service":"payment-service","HOST":"localhost:8080","time":"2025-04-19T22:26:24+05:00","message":"Starting gRpc Server"}
{"level":"info","service":"payment-service","operation":"CreateProduct","product":"sunt","categtory":"anim irure magna in u","time":"2025-04-19T22:26:27+05:00","message":"Product succsessfuly created"}
{"level":"info","service":"payment-service","categtory":"anim irure magna in u","operation":"CreateProduct","product":"sunt","time":"2025-04-19T22:26:28+05:00","message":"Product succsessfuly created"}
{"level":"info","service":"payment-service","categtory":"anim irure magna in u","operation":"CreateProduct","product":"sunt","time":"2025-04-19T22:26:29+05:00","message":"Product succsessfuly created"}
{"level":"warn","service":"payment-service","operation":"product-service","time":"2025-04-19T22:27:03+05:00","message":"received shutdown signal interrupt"}
{"level":"info","service":"payment-service","operation":"product-service","time":"2025-04-19T22:27:03+05:00","message":"shuttin down server"}
{"level":"info","service":"payment-service","operation":"product-service","time":"2025-04-19T22:27:05+05:00","message":"Product server started"}
{"level":"info","service":"payment-service","HOST":"localhost:8080","time":"2025-04-19T22:27:05+05:00","message":"Starting gRpc Server"}
{"level":"info","service":"payment-service","operation":"product-service","time":"2025-04-19T22:27:17+05:00","message":"Product server started"}
{"level":"info","service":"payment-service","HOST":"localhost:8080","time":"2025-04-19T22:27:17+05:00","message":"Starting gRpc Server"}
{"level":"info","service":"payment-service","operation":"CreateProduct","product":"sunt","categtory":"anim irure magna in u","time":"2025-04-19T22:27:20+05:00","message":"Product succsessfuly created"}
{"level":"info","service":"payment-service","operation":"CreateProduct","product":"sunt","categtory":"anim irure magna in u","time":"2025-04-19T22:27:25+05:00","message":"Product succsessfuly created"}
{"level":"warn","service":"payment-service","operation":"product-service","time":"2025-04-19T22:28:49+05:00","message":"received shutdown signal interrupt"}
{"level":"info","service":"payment-service","operation":"product-service","time":"2025-04-19T22:28:49+05:00","message":"shuttin down server"}
{"level":"info","service":"payment-service","operation":"product-service","time":"2025-04-19T22:29:57+05:00","message":"Product server started"}
{"level":"info","service":"payment-service","HOST":"localhost:8080","time":"2025-04-19T22:29:57+05:00","message":"Starting gRpc Server"}
{"level":"error","service":"payment-service","operation":"CreateProduct","product":"sunt","categtory":"anim irure magna in u","error":"category does not exists","time":"2025-04-19T22:30:01+05:00","message":"category does not exists"}
{"level":"warn","service":"payment-service","operation":"product-service","time":"2025-04-20T00:14:59+05:00","message":"received shutdown signal interrupt"}
{"level":"info","service":"payment-service","operation":"product-service","time":"2025-04-20T00:14:59+05:00","message":"shuttin down server"}
{"level":"info","service":"payment-service","operation":"product-service","time":"2025-04-20T00:15:16+05:00","message":"Product server started"}
{"level":"info","service":"payment-service","HOST":"localhost:8080","time":"2025-04-20T00:15:16+05:00","message":"Starting gRpc Server"}
{"level":"error","service":"payment-service","operation":"CreateProduct","product":"sunt","categtory":"anim irure magna in u","error":"category does not exists","time":"2025-04-20T00:15:36+05:00","message":"category does not exists"}
{"level":"error","service":"payment-service","operation":"CreateProduct","product":"sunt","categtory":"anim irure magna in u","error":"category does not exists","time":"2025-04-20T00:15:39+05:00","message":"category does not exists"}
{"level":"error","service":"payment-service","operation":"CreateProduct","product":"sunt","categtory":"anim irure magna in u","error":"category does not exists","time":"2025-04-20T00:16:25+05:00","message":"category does not exists"}
{"level":"info","service":"payment-service","operation":"CreateCategory","time":"2025-04-20T00:16:54+05:00","message":"category successfuly created"}
{"level":"error","service":"payment-service","categtory":"krasofka","operation":"CreateProduct","product":"nike","error":"category does not exists","time":"2025-04-20T00:17:12+05:00","message":"category does not exists"}
{"level":"error","service":"payment-service","operation":"CreateProduct","product":"nike","categtory":"krasofka","error":"category does not exists","time":"2025-04-20T00:18:11+05:00","message":"category does not exists"}
{"level":"warn","service":"payment-service","operation":"product-service","time":"2025-04-20T00:18:32+05:00","message":"received shutdown signal interrupt"}
{"level":"info","service":"payment-service","operation":"product-service","time":"2025-04-20T00:18:32+05:00","message":"shuttin down server"}
{"level":"info","service":"payment-service","operation":"product-service","time":"2025-04-20T00:18:53+05:00","message":"Product server started"}
{"level":"info","service":"payment-service","HOST":"localhost:8080","time":"2025-04-20T00:18:53+05:00","message":"Starting gRpc Server"}
{"level":"error","service":"payment-service","operation":"CreateProduct","product":"nike","categtory":"krasofka","error":"category does not exists","time":"2025-04-20T00:18:59+05:00","message":"category does not exists"}
{"level":"warn","service":"payment-service","operation":"product-service","time":"2025-04-20T00:19:12+05:00","message":"received shutdown signal interrupt"}
{"level":"info","service":"payment-service","operation":"product-service","time":"2025-04-20T00:19:12+05:00","message":"shuttin down server"}
{"level":"info","service":"payment-service","operation":"product-service","time":"2025-04-20T00:19:32+05:00","message":"Product server started"}
{"level":"info","service":"payment-service","HOST":"localhost:8080","time":"2025-04-20T00:19:32+05:00","message":"Starting gRpc Server"}
{"level":"error","service":"payment-service","operation":"CreateProduct","product":"nike","categtory":"krasofka","error":"category does not exists","time":"2025-04-20T00:19:35+05:00","message":"category does not exists"}
{"level":"warn","service":"payment-service","operation":"product-service","time":"2025-04-20T00:20:12+05:00","message":"received shutdown signal interrupt"}
{"level":"info","service":"payment-service","operation":"product-service","time":"2025-04-20T00:20:12+05:00","message":"shuttin down server"}
{"level":"info","service":"payment-service","operation":"product-service","time":"2025-04-20T00:20:14+05:00","message":"Product server started"}
{"level":"info","service":"payment-service","HOST":"localhost:8080","time":"2025-04-20T00:20:14+05:00","message":"Starting gRpc Server"}
{"level":"error","service":"payment-service","operation":"CreateProduct","product":"nike","categtory":"krasofka","error":"category does not exists","time":"2025-04-20T00:20:15+05:00","message":"category does not exists"}
{"level":"warn","service":"payment-service","operation":"product-service","time":"2025-04-20T00:21:39+05:00","message":"received shutdown signal interrupt"}
{"level":"info","service":"payment-service","operation":"product-service","time":"2025-04-20T00:21:39+05:00","message":"shuttin down server"}
{"level":"info","service":"payment-service","operation":"product-service","time":"2025-04-20T00:21:41+05:00","message":"Product server started"}
{"level":"info","service":"payment-service","HOST":"localhost:8080","time":"2025-04-20T00:21:41+05:00","message":"Starting gRpc Server"}
{"level":"error","service":"payment-service","operation":"CreateProduct","product":"nike","categtory":"krasofka","error":"category does not exists","time":"2025-04-20T00:21:43+05:00","message":"category does not exists"}
{"level":"warn","service":"payment-service","operation":"product-service","time":"2025-04-20T00:21:47+05:00","message":"received shutdown signal interrupt"}
{"level":"info","service":"payment-service","operation":"product-service","time":"2025-04-20T00:21:47+05:00","message":"shuttin down server"}
{"level":"info","service":"payment-service","operation":"product-service","time":"2025-04-20T00:22:21+05:00","message":"Product server started"}
{"level":"info","service":"payment-service","HOST":"localhost:8080","time":"2025-04-20T00:22:21+05:00","message":"Starting gRpc Server"}
{"level":"error","service":"payment-service","operation":"CreateProduct","product":"nike","categtory":"krasofka","error":"category does not exists","time":"2025-04-20T00:22:23+05:00","message":"category does not exists"}
{"level":"warn","service":"payment-service","operation":"product-service","time":"2025-04-20T00:22:26+05:00","message":"received shutdown signal interrupt"}
{"level":"info","service":"payment-service","operation":"product-service","time":"2025-04-20T00:22:26+05:00","message":"shuttin down server"}
{"level":"info","service":"payment-service","operation":"product-service","time":"2025-04-20T00:25:13+05:00","message":"Product server started"}
{"level":"info","service":"payment-service","HOST":"localhost:8080","time":"2025-04-20T00:25:13+05:00","message":"Starting gRpc Server"}
{"level":"info","service":"payment-service","operation":"product-service","time":"2025-04-20T00:25:28+05:00","message":"Product server started"}
{"level":"info","service":"payment-service","HOST":"localhost:8080","time":"2025-04-20T00:25:28+05:00","message":"Starting gRpc Server"}
{"level":"info","service":"payment-service","operation":"product-service","time":"2025-04-20T00:25:56+05:00","message":"Product server started"}
{"level":"info","service":"payment-service","HOST":"localhost:8080","time":"2025-04-20T00:25:56+05:00","message":"Starting gRpc Server"}
{"level":"info","service":"payment-service","operation":"CreateCategory","time":"2025-04-20T00:26:11+05:00","message":"category successfuly created"}
{"level":"info","service":"payment-service","categtory":"krasofka","operation":"CreateProduct","product":"nike","time":"2025-04-20T00:26:29+05:00","message":"Product succsessfuly created"}
{"level":"info","service":"payment-service","operation":"CreateProduct","product":"nike","categtory":"krasofka","time":"2025-04-20T00:26:32+05:00","message":"Product succsessfuly created"}
{"level":"error","service":"payment-service","operation":"CreateProduct","product":"nike","categtory":"krasofkaa","error":"category does not exists","time":"2025-04-20T00:26:50+05:00","message":"category does not exists"}
{"level":"warn","service":"payment-service","operation":"product-service","time":"2025-04-20T00:27:03+05:00","message":"received shutdown signal interrupt"}
{"level":"info","service":"payment-service","operation":"product-service","time":"2025-04-20T00:27:03+05:00","message":"shuttin down server"}
{"level":"info","service":"payment-service","operation":"product-service","time":"2025-04-20T00:29:43+05:00","message":"Product server started"}
{"level":"info","service":"payment-service","HOST":"localhost:8080","time":"2025-04-20T00:29:43+05:00","message":"Starting gRpc Server"}
{"level":"error","service":"payment-service","operation":"CreateProduct","product":"nike","categtory":"krasofka","error":"name already exists","time":"2025-04-20T00:29:45+05:00","message":"name already exists"}
{"level":"error","service":"payment-service","operation":"CreateProduct","product":"reebook","categtory":"krasofka","error":"product not found","time":"2025-04-20T00:30:13+05:00","message":"product not found"}
{"level":"warn","service":"payment-service","operation":"product-service","time":"2025-04-20T00:31:54+05:00","message":"received shutdown signal interrupt"}
{"level":"info","service":"payment-service","operation":"product-service","time":"2025-04-20T00:31:54+05:00","message":"shuttin down server"}
{"level":"info","service":"payment-service","operation":"product-service","time":"2025-04-20T00:31:58+05:00","message":"Product server started"}
{"level":"info","service":"payment-service","HOST":"localhost:8080","time":"2025-04-20T00:31:58+05:00","message":"Starting gRpc Server"}
{"level":"error","service":"payment-service","product":"reebook","categtory":"krasofka","operation":"CreateProduct","error":"product not found","time":"2025-04-20T00:32:01+05:00","message":"product not found"}
{"level":"warn","service":"payment-service","operation":"product-service","time":"2025-04-20T00:34:09+05:00","message":"received shutdown signal interrupt"}
{"level":"info","service":"payment-service","operation":"product-service","time":"2025-04-20T00:34:09+05:00","message":"shuttin down server"}
{"level":"info","service":"payment-service","operation":"product-service","time":"2025-04-20T00:34:12+05:00","message":"Product server started"}
{"level":"info","service":"payment-service","HOST":"localhost:8080","time":"2025-04-20T00:34:12+05:00","message":"Starting gRpc Server"}
{"level":"info","service":"payment-service","operation":"CreateProduct","product":"reebook","categtory":"krasofka","time":"2025-04-20T00:34:19+05:00","message":"Product succsessfuly created"}
{"level":"error","service":"payment-service","categtory":"krasofka","operation":"CreateProduct","product":"reebook","error":"name already exists","time":"2025-04-20T00:34:24+05:00","message":"name already exists"}
{"level":"warn","service":"payment-service","operation":"product-service","time":"2025-04-20T00:35:45+05:00","message":"received shutdown signal interrupt"}
{"level":"info","service":"payment-service","operation":"product-service","time":"2025-04-20T00:35:45+05:00","message":"shuttin down server"}
{"level":"info","service":"payment-service","operation":"product-service","time":"2025-04-20T00:35:46+05:00","message":"Product server started"}
{"level":"info","service":"payment-service","HOST":"localhost:8080","time":"2025-04-20T00:35:46+05:00","message":"Starting gRpc Server"}
{"level":"error","service":"payment-service","operation":"CreateProduct","product":"reebook","categtory":"krasofka","error":"name already exists","time":"2025-04-20T00:35:49+05:00","message":"name already exists"}
{"level":"error","service":"payment-service","operation":"CreateProduct","product":"reebook1","categtory":"krasofka","error":"product not found","time":"2025-04-20T00:35:55+05:00","message":"product not found"}
{"level":"warn","service":"payment-service","operation":"product-service","time":"2025-04-20T00:36:05+05:00","message":"received shutdown signal interrupt"}
{"level":"info","service":"payment-service","operation":"product-service","time":"2025-04-20T00:36:05+05:00","message":"shuttin down server"}
{"level":"info","service":"payment-service","operation":"product-service","time":"2025-04-20T00:36:57+05:00","message":"Product server started"}
{"level":"info","service":"payment-service","HOST":"localhost:8080","time":"2025-04-20T00:36:57+05:00","message":"Starting gRpc Server"}
{"level":"error","service":"payment-service","categtory":"krasofka","operation":"CreateProduct","product":"reebook1","error":"product not found","time":"2025-04-20T00:36:59+05:00","message":"product not found"}
{"level":"warn","service":"payment-service","operation":"product-service","time":"2025-04-20T00:38:08+05:00","message":"received shutdown signal interrupt"}
{"level":"info","service":"payment-service","operation":"product-service","time":"2025-04-20T00:38:08+05:00","message":"shuttin down server"}
{"level":"info","service":"payment-service","operation":"product-service","time":"2025-04-20T00:38:29+05:00","message":"Product server started"}
{"level":"info","service":"payment-service","HOST":"localhost:8080","time":"2025-04-20T00:38:29+05:00","message":"Starting gRpc Server"}
{"level":"info","service":"payment-service","operation":"CreateProduct","product":"reebook1","categtory":"krasofka","time":"2025-04-20T00:38:31+05:00","message":"Product succsessfuly created"}
{"level":"warn","service":"payment-service","operation":"product-service","time":"2025-04-20T00:40:26+05:00","message":"received shutdown signal interrupt"}
{"level":"info","service":"payment-service","operation":"product-service","time":"2025-04-20T00:40:26+05:00","message":"shuttin down server"}
{"level":"info","service":"payment-service","operation":"product-service","time":"2025-04-20T00:41:02+05:00","message":"Product server started"}
{"level":"info","service":"payment-service","HOST":"localhost:8080","time":"2025-04-20T00:41:02+05:00","message":"Starting gRpc Server"}
{"level":"error","service":"payment-service","operation":"CreateProduct","product":"reebook1","categtory":"krasofka","error":"name already exists","time":"2025-04-20T00:41:05+05:00","message":"name already exists"}
{"level":"warn","service":"payment-service","operation":"product-service","time":"2025-04-20T00:44:58+05:00","message":"received shutdown signal interrupt"}
{"level":"info","service":"payment-service","operation":"product-service","time":"2025-04-20T00:44:58+05:00","message":"shuttin down server"}
{"level":"info","service":"payment-service","operation":"product-service","time":"2025-04-20T00:45:01+05:00","message":"Product server started"}
{"level":"info","service":"payment-service","HOST":"localhost:8080","time":"2025-04-20T00:45:01+05:00","message":"Starting gRpc Server"}
{"level":"warn","service":"payment-service","operation":"product-service","time":"2025-04-20T00:45:25+05:00","message":"received shutdown signal interrupt"}
{"level":"info","service":"payment-service","operation":"product-service","time":"2025-04-20T00:45:25+05:00","message":"shuttin down server"}
{"level":"info","service":"payment-service","operation":"product-service","time":"2025-04-20T00:45:26+05:00","message":"Product server started"}
{"level":"info","service":"payment-service","HOST":"localhost:8080","time":"2025-04-20T00:45:26+05:00","message":"Starting gRpc Server"}
{"level":"warn","service":"payment-service","operation":"product-service","time":"2025-04-20T00:45:40+05:00","message":"received shutdown signal interrupt"}
{"level":"info","service":"payment-service","operation":"product-service","time":"2025-04-20T00:45:40+05:00","message":"shuttin down server"}
{"level":"info","service":"payment-service","operation":"product-service","time":"2025-04-20T00:45:46+05:00","message":"Product server started"}
{"level":"info","service":"payment-service","HOST":"localhost:8080","time":"2025-04-20T00:45:46+05:00","message":"Starting gRpc Server"}
{"level":"warn","service":"payment-service","operation":"product-service","time":"2025-04-20T00:46:11+05:00","message":"received shutdown signal interrupt"}
{"level":"info","service":"payment-service","operation":"product-service","time":"2025-04-20T00:46:11+05:00","message":"shuttin down server"}
{"level":"info","service":"payment-service","operation":"product-service","time":"2025-04-20T00:46:12+05:00","message":"Product server started"}
{"level":"info","service":"payment-service","HOST":"localhost:8080","time":"2025-04-20T00:46:12+05:00","message":"Starting gRpc Server"}
{"level":"warn","service":"payment-service","operation":"product-service","time":"2025-04-20T00:47:06+05:00","message":"received shutdown signal interrupt"}
{"level":"info","service":"payment-service","operation":"product-service","time":"2025-04-20T00:47:06+05:00","message":"shuttin down server"}
{"level":"info","service":"payment-service","operation":"product-service","time":"2025-04-20T00:47:16+05:00","message":"Product server started"}
{"level":"info","service":"payment-service","HOST":"localhost:8080","time":"2025-04-20T00:47:16+05:00","message":"Starting gRpc Server"}
{"level":"info","service":"payment-service","operation":"CreateProduct","product":"reebook14","categtory":"krasofka","time":"2025-04-20T00:47:17+05:00","message":"Product succsessfuly created"}
{"level":"info","service":"payment-service","operation":"CreateProduct","product":"reebook114","categtory":"krasofka","time":"2025-04-20T00:47:25+05:00","message":"Product succsessfuly created"}
{"level":"error","service":"payment-service","operation":"CreateProduct","product":"reebook114","categtory":"krasofka","error":"name already exists","time":"2025-04-20T00:47:30+05:00","message":"name already exists"}
{"level":"info","service":"payment-service","operation":"GetAllProduct","time":"2025-04-20T00:48:22+05:00","message":"getting successfuly"}
{"level":"info","service":"payment-service","operation":"GetAllProduct","time":"2025-04-20T00:48:56+05:00","message":"getting successfuly"}
{"level":"info","service":"payment-service","operation":"GetAllProduct","time":"2025-04-20T00:50:03+05:00","message":"getting successfuly"}
{"level":"info","service":"payment-service","operation":"GetAllProduct","time":"2025-04-20T00:50:04+05:00","message":"getting successfuly"}
{"level":"info","service":"payment-service","operation":"GetAllProduct","time":"2025-04-20T00:50:05+05:00","message":"getting successfuly"}
{"level":"warn","service":"payment-service","operation":"product-service","time":"2025-04-20T00:51:16+05:00","message":"received shutdown signal interrupt"}
{"level":"info","service":"payment-service","operation":"product-service","time":"2025-04-20T00:51:16+05:00","message":"shuttin down server"}
{"level":"info","service":"payment-service","operation":"product-service","time":"2025-04-20T00:51:18+05:00","message":"Product server started"}
{"level":"info","service":"payment-service","HOST":"localhost:8080","time":"2025-04-20T00:51:18+05:00","message":"Starting gRpc Server"}
{"level":"info","service":"payment-service","operation":"GetAllProduct","time":"2025-04-20T00:51:23+05:00","message":"getting successfuly"}
{"level":"warn","service":"payment-service","operation":"product-service","time":"2025-04-20T00:51:58+05:00","message":"received shutdown signal interrupt"}
{"level":"info","service":"payment-service","operation":"product-service","time":"2025-04-20T00:51:58+05:00","message":"shuttin down server"}
{"level":"info","service":"payment-service","operation":"product-service","time":"2025-04-20T00:51:59+05:00","message":"Product server started"}
{"level":"info","service":"payment-service","HOST":"localhost:8080","time":"2025-04-20T00:51:59+05:00","message":"Starting gRpc Server"}
{"level":"info","service":"payment-service","operation":"GetAllProduct","time":"2025-04-20T00:52:01+05:00","message":"getting successfuly"}
{"level":"warn","service":"payment-service","operation":"product-service","time":"2025-04-20T00:52:12+05:00","message":"received shutdown signal interrupt"}
{"level":"info","service":"payment-service","operation":"product-service","time":"2025-04-20T00:52:12+05:00","message":"shuttin down server"}
{"level":"info","service":"payment-service","operation":"product-service","time":"2025-04-20T00:52:13+05:00","message":"Product server started"}
{"level":"info","service":"payment-service","HOST":"localhost:8080","time":"2025-04-20T00:52:13+05:00","message":"Starting gRpc Server"}
{"level":"info","service":"payment-service","operation":"GetAllProduct","time":"2025-04-20T00:52:16+05:00","message":"getting successfuly"}
{"level":"warn","service":"payment-service","operation":"product-service","time":"2025-04-20T00:53:01+05:00","message":"received shutdown signal interrupt"}
{"level":"info","service":"payment-service","operation":"product-service","time":"2025-04-20T00:53:01+05:00","message":"shuttin down server"}
{"level":"info","service":"payment-service","operation":"product-service","time":"2025-04-20T00:53:02+05:00","message":"Product server started"}
{"level":"info","service":"payment-service","HOST":"localhost:8080","time":"2025-04-20T00:53:02+05:00","message":"Starting gRpc Server"}
{"level":"info","service":"payment-service","operation":"GetAllProduct","time":"2025-04-20T00:53:04+05:00","message":"getting successfuly"}
{"level":"error","service":"payment-service","productId":"9913664c-56ee-4329-8d31-4c8576bd61da","operation":"AddModel","error":"product not found","time":"2025-04-20T00:55:46+05:00","message":"product not found"}
{"level":"warn","service":"payment-service","operation":"product-service","time":"2025-04-20T00:57:07+05:00","message":"received shutdown signal interrupt"}
{"level":"info","service":"payment-service","operation":"product-service","time":"2025-04-20T00:57:07+05:00","message":"shuttin down server"}
{"level":"info","service":"payment-service","operation":"product-service","time":"2025-04-20T00:57:12+05:00","message":"Product server started"}
{"level":"info","service":"payment-service","HOST":"localhost:8080","time":"2025-04-20T00:57:12+05:00","message":"Starting gRpc Server"}
{"level":"info","service":"payment-service","operation":"AddModel","productId":"9913664c-56ee-4329-8d31-4c8576bd61da","time":"2025-04-20T00:57:19+05:00","message":"model successfulty added"}
{"level":"info","service":"payment-service","operation":"GetAllProduct","time":"2025-04-20T00:58:30+05:00","message":"getting successfuly"}
{"level":"info","service":"payment-service","operation":"GetAllProduct","time":"2025-04-20T00:58:39+05:00","message":"getting successfuly"}
{"level":"warn","service":"payment-service","operation":"product-service","time":"2025-04-20T01:00:26+05:00","message":"received shutdown signal interrupt"}
{"level":"info","service":"payment-service","operation":"product-service","time":"2025-04-20T01:00:26+05:00","message":"shuttin down server"}
{"level":"info","service":"payment-service","operation":"product-service","time":"2025-04-20T01:11:20+05:00","message":"Product server started"}
{"level":"info","service":"payment-service","HOST":"localhost:8080","time":"2025-04-20T01:11:20+05:00","message":"Starting gRpc Server"}
{"level":"info","service":"payment-service","operation":"GetAllProduct","time":"2025-04-20T01:13:50+05:00","message":"getting successfuly"}
{"level":"error","service":"payment-service","operation":"AddModel","name":"enim veniam Excepteur incididunt","error":"product not found","time":"2025-04-20T01:14:09+05:00","message":"product not found"}
{"level":"info","service":"payment-service","operation":"CreateCategory","time":"2025-04-20T01:14:33+05:00","message":"category successfuly created"}
{"level":"info","service":"payment-service","operation":"CreateProduct","product":"nike","categtory":"krasofkalar","time":"2025-04-20T01:14:56+05:00","message":"Product succsessfuly created"}
{"level":"info","service":"payment-service","operation":"GetAllProduct","time":"2025-04-20T01:15:03+05:00","message":"getting successfuly"}
{"level":"info","service":"payment-service","operation":"AddModel","name":"nike","time":"2025-04-20T01:16:06+05:00","message":"model successfulty added"}
{"level":"info","service":"payment-service","operation":"GetAllProduct","time":"2025-04-20T01:16:21+05:00","message":"getting successfuly"}
{"level":"error","service":"payment-service","operation":"AddModel","name":"exercitation enim","error":"product not found","time":"2025-04-20T01:16:42+05:00","message":"product not found"}
{"level":"error","service":"payment-service","operation":"AddModel","name":"exercitation enim","error":"product not found","time":"2025-04-20T01:16:51+05:00","message":"product not found"}
{"level":"error","service":"payment-service","operation":"AddModel","name":"exercitation enim","error":"product not found","time":"2025-04-20T01:16:54+05:00","message":"product not found"}
{"level":"info","service":"payment-service","operation":"AddModel","name":"nike","time":"2025-04-20T01:17:25+05:00","message":"model successfulty added"}
{"level":"info","service":"payment-service","operation":"CreateProduct","product":"reebook","categtory":"krasofkalar","time":"2025-04-20T01:18:06+05:00","message":"Product succsessfuly created"}
{"level":"info","service":"payment-service","name":"reebook","operation":"AddModel","time":"2025-04-20T01:18:28+05:00","message":"model successfulty added"}
{"level":"info","service":"payment-service","operation":"AddModel","name":"reebook","time":"2025-04-20T01:18:44+05:00","message":"model successfulty added"}
{"level":"info","service":"payment-service","operation":"GetAllProduct","time":"2025-04-20T01:18:49+05:00","message":"getting successfuly"}
{"level":"info","service":"payment-service","operation":"GetAllProduct","time":"2025-04-20T01:19:14+05:00","message":"getting successfuly"}
{"level":"info","service":"payment-service","operation":"GetAllProduct","time":"2025-04-20T01:19:42+05:00","message":"getting successfuly"}
{"level":"info","service":"payment-service","operation":"GetAllProduct","time":"2025-04-20T01:19:54+05:00","message":"getting successfuly"}
{"level":"info","service":"payment-service","operation":"GetAllProduct","time":"2025-04-20T01:20:09+05:00","message":"getting successfuly"}
{"level":"info","service":"payment-service","operation":"GetAllProduct","time":"2025-04-20T01:20:12+05:00","message":"getting successfuly"}
{"level":"info","service":"payment-service","operation":"DeleteProduct","time":"2025-04-20T01:21:19+05:00","message":"successfuly deleted"}
{"level":"info","service":"payment-service","operation":"GetAllProduct","time":"2025-04-20T01:21:30+05:00","message":"getting successfuly"}
{"level":"info","service":"payment-service","operation":"GetAllProduct","time":"2025-04-20T01:22:11+05:00","message":"getting successfuly"}
{"level":"info","service":"payment-service","operation":"GetAllProduct","time":"2025-04-20T01:22:16+05:00","message":"getting successfuly"}
{"level":"warn","service":"payment-service","operation":"product-service","time":"2025-04-20T01:24:37+05:00","message":"received shutdown signal interrupt"}
{"level":"info","service":"payment-service","operation":"product-service","time":"2025-04-20T01:24:37+05:00","message":"shuttin down server"}
{"level":"info","service":"payment-service","operation":"product-service","time":"2025-04-20T01:25:01+05:00","message":"Product server started"}
{"level":"info","service":"payment-service","HOST":"localhost:8080","time":"2025-04-20T01:25:01+05:00","message":"Starting gRpc Server"}
{"level":"info","service":"payment-service","operation":"DeleteProduct","time":"2025-04-20T01:25:38+05:00","message":"successfuly deleted"}
{"level":"info","service":"payment-service","operation":"GetAllProduct","time":"2025-04-20T01:25:44+05:00","message":"getting successfuly"}
{"level":"warn","service":"payment-service","operation":"product-service","time":"2025-04-20T01:27:03+05:00","message":"received shutdown signal interrupt"}
{"level":"info","service":"payment-service","operation":"product-service","time":"2025-04-20T01:27:03+05:00","message":"shuttin down server"}
{"level":"info","service":"payment-service","operation":"product-service","time":"2025-04-20T01:27:04+05:00","message":"Product server started"}
{"level":"info","service":"payment-service","HOST":"localhost:8080","time":"2025-04-20T01:27:04+05:00","message":"Starting gRpc Server"}
{"level":"info","service":"payment-service","operation":"DeleteProduct","time":"2025-04-20T01:27:52+05:00","message":"successfuly deleted"}
{"level":"info","service":"payment-service","operation":"DeleteProduct","time":"2025-04-20T01:29:03+05:00","message":"successfuly deleted"}
{"level":"warn","service":"payment-service","operation":"product-service","time":"2025-04-20T01:30:45+05:00","message":"received shutdown signal interrupt"}
{"level":"info","service":"payment-service","operation":"product-service","time":"2025-04-20T01:30:45+05:00","message":"shuttin down server"}
{"level":"info","service":"payment-service","operation":"product-service","time":"2025-04-20T01:30:47+05:00","message":"Product server started"}
{"level":"info","service":"payment-service","HOST":"localhost:8080","time":"2025-04-20T01:30:47+05:00","message":"Starting gRpc Server"}
{"level":"info","service":"payment-service","operation":"DeleteProduct","time":"2025-04-20T01:31:09+05:00","message":"successfuly deleted"}
{"level":"warn","service":"payment-service","operation":"product-service","time":"2025-04-20T01:32:53+05:00","message":"received shutdown signal interrupt"}
{"level":"info","service":"payment-service","operation":"product-service","time":"2025-04-20T01:32:53+05:00","message":"shuttin down server"}
{"level":"info","service":"payment-service","operation":"product-service","time":"2025-04-20T01:32:55+05:00","message":"Product server started"}
{"level":"info","service":"payment-service","HOST":"localhost:8080","time":"2025-04-20T01:32:55+05:00","message":"Starting gRpc Server"}
{"level":"error","service":"payment-service","operation":"AddModel","name":"voluptate sunt aliqua","error":"product not found","time":"2025-04-20T01:33:17+05:00","message":"product not found"}
{"level":"info","service":"payment-service","operation":"AddModel","name":"nike","time":"2025-04-20T01:33:26+05:00","message":"model successfulty added"}
{"level":"info","service":"payment-service","operation":"AddModel","name":"nike","time":"2025-04-20T01:33:30+05:00","message":"model successfulty added"}
{"level":"info","service":"payment-service","operation":"AddModel","name":"nike","time":"2025-04-20T01:33:31+05:00","message":"model successfulty added"}
{"level":"info","service":"payment-service","name":"nike","operation":"AddModel","time":"2025-04-20T01:33:31+05:00","message":"model successfulty added"}
{"level":"info","service":"payment-service","operation":"AddModel","name":"nike","time":"2025-04-20T01:33:38+05:00","message":"model successfulty added"}
{"level":"info","service":"payment-service","operation":"DeleteProduct","time":"2025-04-20T01:34:03+05:00","message":"successfuly deleted"}
{"level":"info","service":"payment-service","operation":"GetAllProduct","time":"2025-04-20T01:34:50+05:00","message":"getting successfuly"}
{"level":"info","service":"payment-service","operation":"DeleteProduct","time":"2025-04-20T01:35:12+05:00","message":"successfuly deleted"}
{"level":"info","service":"payment-service","operation":"GetAllProduct","time":"2025-04-20T01:35:23+05:00","message":"getting successfuly"}
{"level":"warn","service":"payment-service","operation":"product-service","time":"2025-04-20T01:36:04+05:00","message":"received shutdown signal interrupt"}
{"level":"info","service":"payment-service","operation":"product-service","time":"2025-04-20T01:36:04+05:00","message":"shuttin down server"}
{"level":"info","service":"payment-service","operation":"product-service","time":"2025-04-20T01:36:05+05:00","message":"Product server started"}
{"level":"info","service":"payment-service","HOST":"localhost:8080","time":"2025-04-20T01:36:05+05:00","message":"Starting gRpc Server"}
{"level":"info","service":"payment-service","operation":"DeleteProduct","time":"2025-04-20T01:37:15+05:00","message":"successfuly deleted"}
{"level":"info","service":"payment-service","operation":"GetAllProduct","time":"2025-04-20T01:37:21+05:00","message":"getting successfuly"}
{"level":"info","service":"payment-service","operation":"DeleteProduct","time":"2025-04-20T01:39:14+05:00","message":"successfuly deleted"}
{"level":"warn","service":"payment-service","operation":"product-service","time":"2025-04-20T01:42:12+05:00","message":"received shutdown signal interrupt"}
{"level":"info","service":"payment-service","operation":"product-service","time":"2025-04-20T01:42:12+05:00","message":"shuttin down server"}
{"level":"info","service":"payment-service","operation":"product-service","time":"2025-04-20T01:42:14+05:00","message":"Product server started"}
{"level":"info","service":"payment-service","HOST":"localhost:8080","time":"2025-04-20T01:42:14+05:00","message":"Starting gRpc Server"}
{"level":"info","service":"payment-service","operation":"DeleteProduct","time":"2025-04-20T01:42:22+05:00","message":"successfuly deleted"}
{"level":"info","service":"payment-service","operation":"GetAllProduct","time":"2025-04-20T01:42:54+05:00","message":"getting successfuly"}
{"level":"warn","service":"payment-service","operation":"product-service","time":"2025-04-20T01:43:22+05:00","message":"received shutdown signal interrupt"}
{"level":"info","service":"payment-service","operation":"product-service","time":"2025-04-20T01:43:22+05:00","message":"shuttin down server"}
{"level":"info","service":"payment-service","operation":"product-service","time":"2025-04-20T01:43:24+05:00","message":"Product server started"}
{"level":"info","service":"payment-service","HOST":"localhost:8080","time":"2025-04-20T01:43:24+05:00","message":"Starting gRpc Server"}
{"level":"info","service":"payment-service","operation":"GetAllProduct","time":"2025-04-20T01:43:26+05:00","message":"getting successfuly"}
{"level":"info","service":"payment-service","operation":"product-service","time":"2025-04-20T11:22:37+05:00","message":"Product server started"}
{"level":"info","service":"payment-service","HOST":"localhost:8080","time":"2025-04-20T11:22:37+05:00","message":"Starting gRpc Server"}
{"level":"error","service":"payment-service","operation":"CreateProduct","product":"cupidatat irure","categtory":"et sed","error":"category does not exists","time":"2025-04-20T11:27:54+05:00","message":"category does not exists"}
{"level":"info","service":"payment-service","operation":"CreateCategory","time":"2025-04-20T11:28:22+05:00","message":"category successfuly created"}
{"level":"info","service":"payment-service","operation":"CreateCategory","time":"2025-04-20T11:28:29+05:00","message":"category successfuly created"}
{"level":"warn","service":"payment-service","operation":"product-service","time":"2025-04-20T11:34:26+05:00","message":"received shutdown signal interrupt"}
{"level":"info","service":"payment-service","operation":"product-service","time":"2025-04-20T11:34:26+05:00","message":"shuttin down server"}
{"level":"info","service":"payment-service","operation":"product-service","time":"2025-04-20T11:34:29+05:00","message":"Product server started"}
{"level":"info","service":"payment-service","HOST":"localhost:8080","time":"2025-04-20T11:34:29+05:00","message":"Starting gRpc Server"}
{"level":"info","service":"payment-service","operation":"CreateCategory","time":"2025-04-20T11:34:34+05:00","message":"category successfuly created"}
{"level":"error","service":"payment-service","operation":"CreateCategory","error":"category already exists","time":"2025-04-20T11:34:35+05:00","message":"category already exists"}
{"level":"error","service":"payment-service","operation":"CreateCategory","error":"category already exists","time":"2025-04-20T11:34:47+05:00","message":"category already exists"}
{"level":"error","service":"payment-service","operation":"CreateCategory","error":"category already exists","time":"2025-04-20T11:34:51+05:00","message":"category already exists"}
{"level":"error","service":"payment-service","operation":"CreateCategory","error":"category already exists","time":"2025-04-20T11:34:52+05:00","message":"category already exists"}
{"level":"error","service":"payment-service","operation":"CreateCategory","error":"category already exists","time":"2025-04-20T11:34:53+05:00","message":"category already exists"}
{"level":"info","service":"payment-service","operation":"CreateProduct","product":"nike","categtory":"krasofka","time":"2025-04-20T11:35:26+05:00","message":"Product succsessfuly created"}
{"level":"error","service":"payment-service","operation":"CreateProduct","product":"nike","categtory":"krasofka","error":"name already exists","time":"2025-04-20T11:35:39+05:00","message":"name already exists"}
{"level":"info","service":"payment-service","operation":"CreateProduct","product":"reebook","categtory":"krasofka","time":"2025-04-20T11:35:47+05:00","message":"Product succsessfuly created"}
{"level":"info","service":"payment-service","operation":"GetAllProduct","time":"2025-04-20T11:36:20+05:00","message":"getting successfuly"}
{"level":"warn","service":"payment-service","operation":"product-service","time":"2025-04-20T11:47:11+05:00","message":"received shutdown signal interrupt"}
{"level":"info","service":"payment-service","operation":"product-service","time":"2025-04-20T11:47:11+05:00","message":"shuttin down server"}
{"level":"info","service":"payment-service","operation":"product-service","time":"2025-04-20T11:47:17+05:00","message":"Product server started"}
{"level":"info","service":"payment-service","HOST":"localhost:8080","time":"2025-04-20T11:47:17+05:00","message":"Starting gRpc Server"}
{"level":"warn","service":"payment-service","operation":"product-service","time":"2025-04-20T11:47:19+05:00","message":"received shutdown signal interrupt"}
{"level":"info","service":"payment-service","operation":"product-service","time":"2025-04-20T11:47:19+05:00","message":"shuttin down server"}
{"level":"info","service":"payment-service","operation":"product-service","time":"2025-04-20T12:03:19+05:00","message":"Product server started"}
{"level":"info","service":"payment-service","HOST":"localhost:8080","time":"2025-04-20T12:03:19+05:00","message":"Starting gRpc Server"}
{"level":"warn","service":"payment-service","operation":"product-service","time":"2025-04-20T12:09:39+05:00","message":"received shutdown signal interrupt"}
{"level":"info","service":"payment-service","operation":"product-service","time":"2025-04-20T12:09:39+05:00","message":"shuttin down server"}
{"level":"info","service":"payment-service","operation":"product-service","time":"2025-04-20T12:09:43+05:00","message":"Product server started"}
{"level":"info","service":"payment-service","HOST":"localhost:8080","time":"2025-04-20T12:09:43+05:00","message":"Starting gRpc Server"}
{"level":"warn","service":"payment-service","operation":"product-service","time":"2025-04-20T12:09:44+05:00","message":"received shutdown signal interrupt"}
{"level":"info","service":"payment-service","operation":"product-service","time":"2025-04-20T12:09:44+05:00","message":"shuttin down server"}
{"level":"info","service":"payment-service","operation":"product-service","time":"2025-04-20T12:21:23+05:00","message":"Product server started"}
{"level":"info","service":"payment-service","HOST":"localhost:8080","time":"2025-04-20T12:21:23+05:00","message":"Starting gRpc Server"}
{"level":"warn","service":"payment-service","operation":"product-service","time":"2025-04-20T12:22:20+05:00","message":"received shutdown signal interrupt"}
{"level":"info","service":"payment-service","operation":"product-service","time":"2025-04-20T12:22:20+05:00","message":"shuttin down server"}
{"level":"info","service":"payment-service","operation":"product-service","time":"2025-04-20T12:24:36+05:00","message":"Product server started"}
{"level":"info","service":"payment-service","HOST":"localhost:8080","time":"2025-04-20T12:24:36+05:00","message":"Starting gRpc Server"}
{"level":"info","service":"payment-service","operation":"CreateCategory","time":"2025-04-20T12:24:53+05:00","message":"category successfuly created"}
{"level":"error","service":"payment-service","operation":"AddModel","productId":"ut in Ut quis irure","error":"no products found","time":"2025-04-20T12:26:03+05:00","message":"no products found"}
{"level":"error","service":"payment-service","operation":"CreateProduct","product":"Excepteur Ut mollit et","categtory":"et aliquip labore quis","error":"category does not exists","time":"2025-04-20T12:26:23+05:00","message":"category does not exists"}
{"level":"warn","service":"payment-service","operation":"product-service","time":"2025-04-20T12:27:59+05:00","message":"received shutdown signal interrupt"}
{"level":"info","service":"payment-service","operation":"product-service","time":"2025-04-20T12:27:59+05:00","message":"shuttin down server"}
{"level":"info","service":"payment-service","operation":"product-service","time":"2025-04-20T12:28:00+05:00","message":"Product server started"}
{"level":"info","service":"payment-service","HOST":"localhost:8080","time":"2025-04-20T12:28:00+05:00","message":"Starting gRpc Server"}
{"level":"warn","service":"payment-service","operation":"product-service","time":"2025-04-20T12:28:38+05:00","message":"received shutdown signal interrupt"}
{"level":"info","service":"payment-service","operation":"product-service","time":"2025-04-20T12:28:38+05:00","message":"shuttin down server"}
{"level":"info","service":"payment-service","operation":"product-service","time":"2025-04-20T12:28:39+05:00","message":"Product server started"}
{"level":"info","service":"payment-service","HOST":"localhost:8080","time":"2025-04-20T12:28:39+05:00","message":"Starting gRpc Server"}
{"level":"error","service":"payment-service","operation":"CreateProduct","product":"nike","categtory":"krasofkalar","error":"no products found","time":"2025-04-20T12:28:41+05:00","message":"no products found"}
{"level":"warn","service":"payment-service","operation":"product-service","time":"2025-04-20T12:29:40+05:00","message":"received shutdown signal interrupt"}
{"level":"info","service":"payment-service","operation":"product-service","time":"2025-04-20T12:29:40+05:00","message":"shuttin down server"}
{"level":"info","service":"payment-service","operation":"product-service","time":"2025-04-20T12:29:42+05:00","message":"Product server started"}
{"level":"info","service":"payment-service","HOST":"localhost:8080","time":"2025-04-20T12:29:42+05:00","message":"Starting gRpc Server"}
{"level":"error","service":"payment-service","operation":"CreateProduct","product":"nike","categtory":"krasofkalar","error":"no products found","time":"2025-04-20T12:29:43+05:00","message":"no products found"}
{"level":"warn","service":"payment-service","operation":"product-service","time":"2025-04-20T12:32:25+05:00","message":"received shutdown signal interrupt"}
{"level":"info","service":"payment-service","operation":"product-service","time":"2025-04-20T12:32:25+05:00","message":"shuttin down server"}
{"level":"info","service":"payment-service","operation":"product-service","time":"2025-04-20T12:32:26+05:00","message":"Product server started"}
{"level":"info","service":"payment-service","HOST":"localhost:8080","time":"2025-04-20T12:32:26+05:00","message":"Starting gRpc Server"}
{"level":"info","service":"payment-service","operation":"CreateProduct","product":"nike","categtory":"krasofkalar","time":"2025-04-20T12:32:28+05:00","message":"Product succsessfuly created"}
{"level":"error","service":"payment-service","categtory":"krasofkalar","operation":"CreateProduct","product":"nike","error":"name already exists","time":"2025-04-20T12:32:34+05:00","message":"name already exists"}
{"level":"info","service":"payment-service","operation":"GetAllCategory","time":"2025-04-20T12:33:08+05:00","message":"successfuly getting"}
{"level":"info","service":"payment-service","operation":"GetAllProduct","time":"2025-04-20T12:33:35+05:00","message":"getting successfuly"}
{"level":"error","service":"payment-service","operation":"GetMainProduct","error":"products not found","time":"2025-04-20T12:33:52+05:00","message":"products not found"}
{"level":"error","service":"payment-service","operation":"AddModel","productId":"83bad00e-9f98-4c18-81cc-5ae308b0baergherger","error":"products not found","time":"2025-04-20T12:36:12+05:00","message":"products not found"}
{"level":"error","service":"payment-service","operation":"AddModel","productId":"83bad00e-9f98-4c18-81cc-5ae308b0ba4a","error":"products not found","time":"2025-04-20T12:36:18+05:00","message":"products not found"}
{"level":"error","service":"payment-service","operation":"AddModel","productId":"83bad00e-9f98-4c18-81cc-5ae308b0ba4a","error":"products not found","time":"2025-04-20T12:36:31+05:00","message":"products not found"}
{"level":"warn","service":"payment-service","operation":"product-service","time":"2025-04-20T12:36:54+05:00","message":"received shutdown signal interrupt"}
{"level":"info","service":"payment-service","operation":"product-service","time":"2025-04-20T12:36:54+05:00","message":"shuttin down server"}
{"level":"info","service":"payment-service","operation":"product-service","time":"2025-04-20T12:36:56+05:00","message":"Product server started"}
{"level":"info","service":"payment-service","HOST":"localhost:8080","time":"2025-04-20T12:36:56+05:00","message":"Starting gRpc Server"}
{"level":"info","service":"payment-service","operation":"AddModel","productId":"83bad00e-9f98-4c18-81cc-5ae308b0ba4a","time":"2025-04-20T12:37:02+05:00","message":"model successfulty added"}
{"level":"info","service":"payment-service","operation":"GetAllProduct","time":"2025-04-20T12:38:32+05:00","message":"getting successfuly"}
{"level":"error","service":"payment-service","operation":"UpdateProduct","error":"mongo UpdateProduct: mongo: no documents in result","time":"2025-04-20T12:41:04+05:00","message":"mongo UpdateProduct: mongo: no documents in result"}
{"level":"warn","service":"payment-service","operation":"product-service","time":"2025-04-20T12:42:23+05:00","message":"received shutdown signal interrupt"}
{"level":"info","service":"payment-service","operation":"product-service","time":"2025-04-20T12:42:23+05:00","message":"shuttin down server"}
{"level":"info","service":"payment-service","operation":"product-service","time":"2025-04-20T12:42:25+05:00","message":"Product server started"}
{"level":"info","service":"payment-service","HOST":"localhost:8080","time":"2025-04-20T12:42:25+05:00","message":"Starting gRpc Server"}
{"level":"info","service":"payment-service","operation":"UpdateProduct","time":"2025-04-20T12:42:27+05:00","message":"product successfuly updated"}
{"level":"info","service":"payment-service","operation":"UpdateProduct","time":"2025-04-20T12:43:18+05:00","message":"product successfuly updated"}
{"level":"info","service":"payment-service","operation":"DeleteProduct","time":"2025-04-20T12:43:55+05:00","message":"successfuly deleted"}
{"level":"info","service":"payment-service","operation":"GetAllProduct","time":"2025-04-20T12:44:00+05:00","message":"getting successfuly"}
{"level":"info","service":"payment-service","operation":"UpdateName","time":"2025-04-20T12:44:50+05:00","message":"name successfuly updated"}
{"level":"error","service":"payment-service","operation":"GetMainProduct","error":"products not found","time":"2025-04-20T12:44:59+05:00","message":"products not found"}
{"level":"info","service":"payment-service","operation":"GetAllProduct","time":"2025-04-20T12:45:36+05:00","message":"getting successfuly"}
{"level":"warn","service":"payment-service","operation":"product-service","time":"2025-04-20T20:35:59+05:00","message":"received shutdown signal interrupt"}
{"level":"info","service":"payment-service","operation":"product-service","time":"2025-04-20T20:35:59+05:00","message":"shuttin down server"}
